# do {testbench_compile.do}
# ** Warning: (vlib-34) Library already exists at "modelsim_lib/work".
# ** Warning: (vlib-34) Library already exists at "modelsim_lib/msim".
# ** Warning: (vlib-34) Library already exists at "modelsim_lib/msim/xil_defaultlib".
# Model Technology ModelSim SE-64 vmap 10.5 Lib Mapping Utility 2016.02 Feb 13 2016
# vmap xil_defaultlib modelsim_lib/msim/xil_defaultlib 
# Modifying D:\modeltech64_10.5\modelsim.ini
# ** Warning: (vlog-159) Mode option -64 is not supported in this context and will be ignored.
# Model Technology ModelSim SE-64 vlog 10.5 Compiler 2016.02 Feb 13 2016
# Start time: 10:53:40 on Jun 16,2024
# vlog -64 -incr -work xil_defaultlib ../../../../riscv_s.srcs/sources_1/new/adder.v ../../../../riscv_s.srcs/sources_1/new/alu.v ../../../../riscv_s.srcs/sources_1/new/aludec.v ../../../../riscv_s.srcs/sources_1/new/controller.v ../../../../riscv_s.srcs/sources_1/new/datapath.v ../../../../riscv_s.srcs/sources_1/new/dmem.v ../../../../riscv_s.srcs/sources_1/new/extend.v ../../../../riscv_s.srcs/sources_1/new/flopr.v ../../../../riscv_s.srcs/sources_1/new/imem.v ../../../../riscv_s.srcs/sources_1/new/maindec.v ../../../../riscv_s.srcs/sources_1/new/mux2.v ../../../../riscv_s.srcs/sources_1/new/mux3.v ../../../../riscv_s.srcs/sources_1/new/regfile.v ../../../../riscv_s.srcs/sources_1/new/riscv_single.v ../../../../riscv_s.srcs/sources_1/new/riscv_top.v ../../../../riscv_s.srcs/sim_1/new/testbanch.v 
# -- Skipping module adder
# -- Skipping module alu
# -- Skipping module aludec
# -- Skipping module controller
# -- Compiling module datapath
# -- Skipping module dmem
# -- Skipping module extend
# -- Skipping module flopr
# -- Skipping module imem
# -- Skipping module maindec
# -- Skipping module mux2
# -- Skipping module mux3
# -- Skipping module regfile
# -- Skipping module riscv_single
# -- Skipping module riscv_top
# -- Skipping module testbench
# 
# Top level modules:
# 	testbench
# End time: 10:53:40 on Jun 16,2024, Elapsed time: 0:00:00
# Errors: 0, Warnings: 1
# Model Technology ModelSim SE-64 vlog 10.5 Compiler 2016.02 Feb 13 2016
# Start time: 10:53:40 on Jun 16,2024
# vlog -work xil_defaultlib glbl.v 
# -- Compiling module glbl
# 
# Top level modules:
# 	glbl
# End time: 10:53:40 on Jun 16,2024, Elapsed time: 0:00:00
# Errors: 0, Warnings: 0
