# //  ModelSim SE-64 10.5 Feb 13 2016 
# //
# //  Copyright 1991-2016 Mentor Graphics Corporation
# //  All Rights Reserved.
# //
# //  ModelSim SE-64 and its associated documentation contain trade
# //  secrets and commercial or financial information that are the property of
# //  Mentor Graphics Corporation and are privileged, confidential,
# //  and exempt from disclosure under the Freedom of Information Act,
# //  5 U.S.C. Section 552. Furthermore, this information
# //  is prohibited from disclosure under the Trade Secrets Act,
# //  18 U.S.C. Section 1905.
# //
# do {testbench_simulate.do}
# vsim -voptargs=""+acc"" -L xil_defaultlib -L unisims_ver -L unimacro_ver -L secureip -lib xil_defaultlib xil_defaultlib.testbench xil_defaultlib.glbl 
# Start time: 10:53:42 on Jun 16,2024
# ** Warning: (vsim-8891) All optimizations are turned off because the -novopt switch is in effect. This will cause your simulation to run very slowly. If you are using this switch to preserve visibility for Debug or PLI features please see the User's Manual section on Preserving Object Visibility with vopt.
# Loading xil_defaultlib.testbench
# Loading xil_defaultlib.riscv_top
# Loading xil_defaultlib.riscv_single
# Loading xil_defaultlib.controller
# Loading xil_defaultlib.maindec
# Loading xil_defaultlib.aludec
# Loading xil_defaultlib.datapath
# Loading xil_defaultlib.flopr
# Loading xil_defaultlib.adder
# Loading xil_defaultlib.mux2
# Loading xil_defaultlib.regfile
# Loading xil_defaultlib.extend
# Loading xil_defaultlib.alu
# Loading xil_defaultlib.mux3
# Loading xil_defaultlib.imem
# Loading xil_defaultlib.dmem
# Loading xil_defaultlib.glbl
# 1
# 1
# .main_pane.wave.interior.cs.body.pw.wf
# .main_pane.structure.interior.cs.body.struct
# .main_pane.objects.interior.cs.body.tree
# Simulation succeeded
# ** Note: $stop    : ../../../../riscv_s.srcs/sim_1/new/testbanch.v(52)
#    Time: 315 ns  Iteration: 1  Instance: /testbench
# Break in Module testbench at ../../../../riscv_s.srcs/sim_1/new/testbanch.v line 52
run -all
add wave -position insertpoint sim:/testbench/dut/riscv_single_u/datapath_u/pcreg/*
restart
# ** Warning: (vsim-8891) All optimizations are turned off because the -novopt switch is in effect. This will cause your simulation to run very slowly. If you are using this switch to preserve visibility for Debug or PLI features please see the User's Manual section on Preserving Object Visibility with vopt.
run -all
# Simulation succeeded
# ** Note: $stop    : ../../../../riscv_s.srcs/sim_1/new/testbanch.v(52)
#    Time: 315 ns  Iteration: 1  Instance: /testbench
# Break in Module testbench at ../../../../riscv_s.srcs/sim_1/new/testbanch.v line 52
add wave -position insertpoint sim:/testbench/dut/riscv_single_u/datapath_u/*
restart
# ** Warning: (vsim-8891) All optimizations are turned off because the -novopt switch is in effect. This will cause your simulation to run very slowly. If you are using this switch to preserve visibility for Debug or PLI features please see the User's Manual section on Preserving Object Visibility with vopt.
run -all
# Simulation succeeded
# ** Note: $stop    : ../../../../riscv_s.srcs/sim_1/new/testbanch.v(52)
#    Time: 315 ns  Iteration: 1  Instance: /testbench
# Break in Module testbench at ../../../../riscv_s.srcs/sim_1/new/testbanch.v line 52
run
run
run
run
run
run
run
run
run
run
run
run
run
run
run
run
run
run
run
run
run
run
run
run
run
run
run
run
run
run
run
run
run
run
run
run
run
run
run
run
run
run
run
run
run
run
run
run
run
run
run
run
run
run
run
run
run
run
run
run
run
run
run
run
run
run
run
run
run
run
run
run
run
run
run
run
run
run
run
run
run
run
run
run
run
run
run
run
run
run
run
run
run
run
run
run
run
run -all
